{
  "stats": {
    "suites": 2,
    "tests": 6,
    "passes": 6,
    "pending": 0,
    "failures": 0,
    "start": "2020-07-01T03:57:00.518Z",
    "end": "2020-07-01T03:57:22.026Z",
    "duration": 21508,
    "testsRegistered": 6,
    "passPercent": 100,
    "pendingPercent": 0,
    "other": 0,
    "hasOther": false,
    "skipped": 0,
    "hasSkipped": false,
    "passPercentClass": "success",
    "pendingPercentClass": "danger"
  },
  "suites": {
    "uuid": "097f8599-889c-4164-a695-97ec2f27e72c",
    "title": "",
    "fullFile": "",
    "file": "",
    "beforeHooks": [
      {
        "title": "\"before all\" hook: start server",
        "fullTitle": "\"before all\" hook: start server",
        "timedOut": false,
        "duration": 1390,
        "pass": false,
        "fail": false,
        "pending": false,
        "context": "[\n  \"on_server_started\",\n  \"./on_server_started.png\"\n]",
        "code": "return __awaiter(this, void 0, void 0, function* () {\n    nativescript_dev_appium_1.nsCapabilities.testReporter.context = this;\n    yield nativescript_dev_appium_1.startServer();\n});",
        "err": {},
        "isRoot": true,
        "uuid": "780e05f1-6fe9-49d4-a25d-1e28e596f876",
        "isHook": true,
        "skipped": false
      }
    ],
    "afterHooks": [
      {
        "title": "\"after all\" hook: stop server",
        "fullTitle": "\"after all\" hook: stop server",
        "timedOut": false,
        "duration": 693,
        "pass": false,
        "fail": false,
        "pending": false,
        "code": "return __awaiter(this, void 0, void 0, function* () {\n    yield nativescript_dev_appium_1.stopServer();\n});",
        "err": {},
        "isRoot": true,
        "uuid": "d2210483-c9af-4d7a-a9ec-4dcf64b816cf",
        "isHook": true,
        "skipped": false
      }
    ],
    "tests": [],
    "suites": [
      {
        "uuid": "780f02b2-79a1-4111-a3c2-011e90f8f058",
        "title": "sample scenario",
        "fullFile": "/home/user/Documents/Desktop_Files/Maximl/Mini-Weather-App/mini-weather-app/e2e/sample.e2e-spec.js",
        "file": "/e2e/sample.e2e-spec.js",
        "beforeHooks": [
          {
            "title": "\"before all\" hook",
            "fullTitle": "sample scenario \"before all\" hook",
            "timedOut": false,
            "duration": 9205,
            "pass": false,
            "fail": false,
            "pending": false,
            "context": "[\n  \"appium_driver_started\",\n  \"./appium_driver_started.png\"\n]",
            "code": "return __awaiter(this, void 0, void 0, function* () {\n    nativescript_dev_appium_1.nsCapabilities.testReporter.context = this;\n    driver = yield nativescript_dev_appium_1.createDriver();\n});",
            "err": {},
            "isRoot": false,
            "uuid": "42e6a121-faf1-4b98-8243-09a0844fe01d",
            "isHook": true,
            "skipped": false
          }
        ],
        "afterHooks": [
          {
            "title": "\"after all\" hook",
            "fullTitle": "sample scenario \"after all\" hook",
            "timedOut": false,
            "duration": 563,
            "pass": false,
            "fail": false,
            "pending": false,
            "context": "[\n  \"appium_driver_quit\",\n  \"./appium_driver_quit.png\"\n]",
            "code": "return __awaiter(this, void 0, void 0, function* () {\n    yield driver.quit();\n    console.log(\"Quit driver!\");\n});",
            "err": {},
            "isRoot": false,
            "uuid": "769cf90f-ce47-4417-84a1-d28ad365f2ce",
            "isHook": true,
            "skipped": false
          }
        ],
        "tests": [
          {
            "title": "App is Opened",
            "fullTitle": "sample scenario App is Opened",
            "timedOut": false,
            "duration": 1,
            "state": "passed",
            "speed": "fast",
            "pass": true,
            "fail": false,
            "pending": false,
            "code": "__awaiter(this, void 0, void 0, function* () {\n            chai_1.assert(true);\n        })",
            "err": {},
            "isRoot": false,
            "uuid": "349907f7-81b5-4ba4-a235-2a2617b69c6c",
            "isHook": false,
            "skipped": false
          },
          {
            "title": "Change language button test",
            "fullTitle": "sample scenario Change language button test",
            "timedOut": false,
            "duration": 287,
            "state": "passed",
            "speed": "slow",
            "pass": true,
            "fail": false,
            "pending": false,
            "code": "__awaiter(this, void 0, void 0, function* () {\n            const bt1 = yield driver.findElementByAutomationText(\"cl\");\n            const tt1 = yield bt1.text();\n            console.log(tt1);\n            yield bt1.click();\n        })",
            "err": {},
            "isRoot": false,
            "uuid": "7f0e5716-678e-4b32-af44-03901bb66ca2",
            "isHook": false,
            "skipped": false
          },
          {
            "title": "The TextField present and works fine",
            "fullTitle": "sample scenario The TextField present and works fine",
            "timedOut": false,
            "duration": 795,
            "state": "passed",
            "speed": "slow",
            "pass": true,
            "fail": false,
            "pending": false,
            "code": "__awaiter(this, void 0, void 0, function* () {\n            const tf = yield driver.findElementByAutomationText(\"tf\");\n            const cont = yield tf.text();\n            console.log(cont);\n        })",
            "err": {},
            "isRoot": false,
            "uuid": "37c62dbc-984a-4922-96c6-19fa38173255",
            "isHook": false,
            "skipped": false
          },
          {
            "title": "Get Weather button test",
            "fullTitle": "sample scenario Get Weather button test",
            "timedOut": false,
            "duration": 180,
            "state": "passed",
            "speed": "slow",
            "pass": true,
            "fail": false,
            "pending": false,
            "code": "__awaiter(this, void 0, void 0, function* () {\n            const bt = yield driver.findElementByAutomationText(\"getbtn\");\n            const tt = yield bt.text();\n            console.log(tt);\n            yield bt.click();\n        })",
            "err": {},
            "isRoot": false,
            "uuid": "c27d80fb-26d4-425a-81fe-a5d4e5b01b4b",
            "isHook": false,
            "skipped": false
          },
          {
            "title": "App Closed",
            "fullTitle": "sample scenario App Closed",
            "timedOut": false,
            "duration": 1,
            "state": "passed",
            "speed": "fast",
            "pass": true,
            "fail": false,
            "pending": false,
            "code": "__awaiter(this, void 0, void 0, function* () {\n            console.log(\"closed\");\n        })",
            "err": {},
            "isRoot": false,
            "uuid": "595e1f9e-dbf8-42a1-ae00-31d300ed2435",
            "isHook": false,
            "skipped": false
          }
        ],
        "suites": [],
        "passes": [
          "349907f7-81b5-4ba4-a235-2a2617b69c6c",
          "7f0e5716-678e-4b32-af44-03901bb66ca2",
          "37c62dbc-984a-4922-96c6-19fa38173255",
          "c27d80fb-26d4-425a-81fe-a5d4e5b01b4b",
          "595e1f9e-dbf8-42a1-ae00-31d300ed2435"
        ],
        "failures": [],
        "pending": [],
        "skipped": [],
        "duration": 1264,
        "root": false,
        "rootEmpty": false,
        "_timeout": 999999
      },
      {
        "uuid": "c4887fd4-bc38-4a8d-9504-7f4910c7a677",
        "title": "sample 2",
        "fullFile": "/home/user/Documents/Desktop_Files/Maximl/Mini-Weather-App/mini-weather-app/e2e/sample.e2e-spec.js",
        "file": "/e2e/sample.e2e-spec.js",
        "beforeHooks": [
          {
            "title": "\"before all\" hook",
            "fullTitle": "sample 2 \"before all\" hook",
            "timedOut": false,
            "duration": 7847,
            "pass": false,
            "fail": false,
            "pending": false,
            "code": "return __awaiter(this, void 0, void 0, function* () {\n    nativescript_dev_appium_1.nsCapabilities.testReporter.context = this;\n    driver = yield nativescript_dev_appium_1.createDriver();\n});",
            "err": {},
            "isRoot": false,
            "uuid": "a71f83e2-bc37-47e9-9cbc-65e850e01c7c",
            "isHook": true,
            "skipped": false
          }
        ],
        "afterHooks": [
          {
            "title": "\"after all\" hook",
            "fullTitle": "sample 2 \"after all\" hook",
            "timedOut": false,
            "duration": 537,
            "pass": false,
            "fail": false,
            "pending": false,
            "context": "[\n  \"appium_driver_quit\",\n  \"./appium_driver_quit.png\",\n  \"on_server_stopped\",\n  \"./on_server_stopped.png\"\n]",
            "code": "return __awaiter(this, void 0, void 0, function* () {\n    yield driver.quit();\n    console.log(\"Quit driver!\");\n});",
            "err": {},
            "isRoot": false,
            "uuid": "31510a23-72d4-4bba-97eb-1f30a8830861",
            "isHook": true,
            "skipped": false
          }
        ],
        "tests": [
          {
            "title": "Test 1 Of suite 2",
            "fullTitle": "sample 2 Test 1 Of suite 2",
            "timedOut": false,
            "duration": 0,
            "state": "passed",
            "speed": "fast",
            "pass": true,
            "fail": false,
            "pending": false,
            "code": "__awaiter(this, void 0, void 0, function* () {\n            chai_1.assert(true);\n        })",
            "err": {},
            "isRoot": false,
            "uuid": "e5ca3088-9ad7-4efe-ad3e-0c248008de0a",
            "isHook": false,
            "skipped": false
          }
        ],
        "suites": [],
        "passes": [
          "e5ca3088-9ad7-4efe-ad3e-0c248008de0a"
        ],
        "failures": [],
        "pending": [],
        "skipped": [],
        "duration": 0,
        "root": false,
        "rootEmpty": false,
        "_timeout": 999999
      }
    ],
    "passes": [],
    "failures": [],
    "pending": [],
    "skipped": [],
    "duration": 0,
    "root": true,
    "rootEmpty": true,
    "_timeout": 999999
  },
  "copyrightYear": 2020
}